[13-Mar-2020 13:11:54 UTC] PHP Fatal error:  Cannot redeclare App\Http\Controllers\ProductController::store_attr() in /home/bzyll9dyfa3c/public_html/alfahd.afaqtechweb.com/new_project/app/Http/Controllers/ProductController.php on line 887
[13-Mar-2020 13:54:07 UTC] PHP Fatal error:  Cannot declare class App\Http\Controllers\ProductController, because the name is already in use in /home/bzyll9dyfa3c/public_html/alfahd.afaqtechweb.com/new_project/app/ProductAttribute.php on line 878
[22-Mar-2020 06:44:37 UTC] PHP Fatal error:  Cannot declare class App\Http\Controllers\DynamicbannerController because the name is already in use in /home/bzyll9dyfa3c/public_html/alfahd.afaqtechweb.com/new_project/app/Http/Controllers/DynamicbannerController.php on line 11
[06-Apr-2020 16:51:34 UTC] PHP Fatal error:  Namespace declaration statement has to be the very first statement or after any declare call in the script in /home/bzyll9dyfa3c/public_html/alfahd.afaqtechweb.com/new_project/app/Http/Controllers/OfferController.php on line 3
[06-Apr-2020 16:52:47 UTC] PHP Fatal error:  Namespace declaration statement has to be the very first statement or after any declare call in the script in /home/bzyll9dyfa3c/public_html/alfahd.afaqtechweb.com/new_project/app/Http/Controllers/OfferController.php on line 3
[06-Apr-2020 16:56:33 UTC] PHP Fatal error:  Namespace declaration statement has to be the very first statement or after any declare call in the script in /home/bzyll9dyfa3c/public_html/alfahd.afaqtechweb.com/new_project/app/Http/Controllers/OfferController.php on line 3
[06-Apr-2020 16:59:43 UTC] PHP Fatal error:  Namespace declaration statement has to be the very first statement or after any declare call in the script in /home/bzyll9dyfa3c/public_html/alfahd.afaqtechweb.com/new_project/app/Http/Controllers/OfferController.php on line 13
[06-Apr-2020 17:01:40 UTC] PHP Fatal error:  Namespace declaration statement has to be the very first statement or after any declare call in the script in /home/bzyll9dyfa3c/public_html/alfahd.afaqtechweb.com/new_project/app/Http/Controllers/OfferController.php on line 3
[06-Apr-2020 17:01:45 UTC] PHP Fatal error:  Namespace declaration statement has to be the very first statement or after any declare call in the script in /home/bzyll9dyfa3c/public_html/alfahd.afaqtechweb.com/new_project/app/Http/Controllers/OfferController.php on line 3
[06-Apr-2020 17:01:48 UTC] PHP Fatal error:  Namespace declaration statement has to be the very first statement or after any declare call in the script in /home/bzyll9dyfa3c/public_html/alfahd.afaqtechweb.com/new_project/app/Http/Controllers/OfferController.php on line 3
[06-Apr-2020 17:02:11 UTC] PHP Fatal error:  Namespace declaration statement has to be the very first statement or after any declare call in the script in /home/bzyll9dyfa3c/public_html/alfahd.afaqtechweb.com/new_project/app/Http/Controllers/OfferController.php on line 3
[06-Apr-2020 17:02:15 UTC] PHP Fatal error:  Namespace declaration statement has to be the very first statement or after any declare call in the script in /home/bzyll9dyfa3c/public_html/alfahd.afaqtechweb.com/new_project/app/Http/Controllers/OfferController.php on line 3
[06-Apr-2020 17:03:04 UTC] PHP Fatal error:  Namespace declaration statement has to be the very first statement or after any declare call in the script in /home/bzyll9dyfa3c/public_html/alfahd.afaqtechweb.com/new_project/app/Http/Controllers/OfferController.php on line 3
[06-Apr-2020 17:04:12 UTC] PHP Fatal error:  Namespace declaration statement has to be the very first statement or after any declare call in the script in /home/bzyll9dyfa3c/public_html/alfahd.afaqtechweb.com/new_project/app/Http/Controllers/OfferController.php on line 3
[06-Apr-2020 17:04:36 UTC] PHP Fatal error:  Namespace declaration statement has to be the very first statement or after any declare call in the script in /home/bzyll9dyfa3c/public_html/alfahd.afaqtechweb.com/new_project/app/Http/Controllers/OfferController.php on line 3
[06-Apr-2020 17:10:56 UTC] PHP Fatal error:  Namespace declaration statement has to be the very first statement or after any declare call in the script in /home/bzyll9dyfa3c/public_html/alfahd.afaqtechweb.com/new_project/app/Http/Controllers/OfferController.php on line 3
[06-Apr-2020 17:12:06 UTC] PHP Fatal error:  Namespace declaration statement has to be the very first statement or after any declare call in the script in /home/bzyll9dyfa3c/public_html/alfahd.afaqtechweb.com/new_project/app/Http/Controllers/OfferController.php on line 3
[06-Apr-2020 17:12:09 UTC] PHP Fatal error:  Namespace declaration statement has to be the very first statement or after any declare call in the script in /home/bzyll9dyfa3c/public_html/alfahd.afaqtechweb.com/new_project/app/Http/Controllers/OfferController.php on line 3
[06-Apr-2020 17:12:11 UTC] PHP Fatal error:  Namespace declaration statement has to be the very first statement or after any declare call in the script in /home/bzyll9dyfa3c/public_html/alfahd.afaqtechweb.com/new_project/app/Http/Controllers/OfferController.php on line 3
[06-Apr-2020 17:14:25 UTC] PHP Fatal error:  Namespace declaration statement has to be the very first statement or after any declare call in the script in /home/bzyll9dyfa3c/public_html/alfahd.afaqtechweb.com/new_project/app/Http/Controllers/OfferController.php on line 3
[06-Apr-2020 18:05:32 UTC] PHP Fatal error:  Namespace declaration statement has to be the very first statement or after any declare call in the script in /home/bzyll9dyfa3c/public_html/alfahd.afaqtechweb.com/new_project/app/Http/Controllers/OfferController.php on line 3
[06-Apr-2020 18:06:42 UTC] PHP Fatal error:  Namespace declaration statement has to be the very first statement or after any declare call in the script in /home/bzyll9dyfa3c/public_html/alfahd.afaqtechweb.com/new_project/app/Http/Controllers/OfferController.php on line 3
[06-Apr-2020 18:06:46 UTC] PHP Fatal error:  Namespace declaration statement has to be the very first statement or after any declare call in the script in /home/bzyll9dyfa3c/public_html/alfahd.afaqtechweb.com/new_project/app/Http/Controllers/OfferController.php on line 3
[06-Apr-2020 18:06:50 UTC] PHP Fatal error:  Namespace declaration statement has to be the very first statement or after any declare call in the script in /home/bzyll9dyfa3c/public_html/alfahd.afaqtechweb.com/new_project/app/Http/Controllers/OfferController.php on line 3
[06-Apr-2020 18:07:00 UTC] PHP Fatal error:  Namespace declaration statement has to be the very first statement or after any declare call in the script in /home/bzyll9dyfa3c/public_html/alfahd.afaqtechweb.com/new_project/app/Http/Controllers/OfferController.php on line 3
[06-Apr-2020 18:07:06 UTC] PHP Fatal error:  Namespace declaration statement has to be the very first statement or after any declare call in the script in /home/bzyll9dyfa3c/public_html/alfahd.afaqtechweb.com/new_project/app/Http/Controllers/OfferController.php on line 3
[06-Apr-2020 18:11:23 UTC] PHP Fatal error:  Namespace declaration statement has to be the very first statement or after any declare call in the script in /home/bzyll9dyfa3c/public_html/alfahd.afaqtechweb.com/new_project/app/Http/Controllers/OfferController.php on line 3
[08-Apr-2020 06:34:33 UTC] PHP Fatal error:  Namespace declaration statement has to be the very first statement or after any declare call in the script in /home/bzyll9dyfa3c/public_html/alfahd.afaqtechweb.com/new_project/app/Http/Controllers/OrderController.php on line 3
[08-Apr-2020 06:35:21 UTC] PHP Fatal error:  Namespace declaration statement has to be the very first statement or after any declare call in the script in /home/bzyll9dyfa3c/public_html/alfahd.afaqtechweb.com/new_project/app/Http/Controllers/OrderController.php on line 3
[08-Apr-2020 06:36:32 UTC] PHP Fatal error:  Namespace declaration statement has to be the very first statement or after any declare call in the script in /home/bzyll9dyfa3c/public_html/alfahd.afaqtechweb.com/new_project/app/Http/Controllers/OrderController.php on line 3
[08-Apr-2020 06:36:50 UTC] PHP Fatal error:  Namespace declaration statement has to be the very first statement or after any declare call in the script in /home/bzyll9dyfa3c/public_html/alfahd.afaqtechweb.com/new_project/app/Http/Controllers/OrderController.php on line 3
[08-Apr-2020 06:42:14 UTC] PHP Fatal error:  Namespace declaration statement has to be the very first statement or after any declare call in the script in /home/bzyll9dyfa3c/public_html/alfahd.afaqtechweb.com/new_project/app/Http/Controllers/OrderController.php on line 3
[08-Apr-2020 06:42:18 UTC] PHP Fatal error:  Namespace declaration statement has to be the very first statement or after any declare call in the script in /home/bzyll9dyfa3c/public_html/alfahd.afaqtechweb.com/new_project/app/Http/Controllers/OrderController.php on line 3
[08-Apr-2020 06:48:44 UTC] PHP Fatal error:  Namespace declaration statement has to be the very first statement or after any declare call in the script in /home/bzyll9dyfa3c/public_html/alfahd.afaqtechweb.com/new_project/app/Http/Controllers/OrderController.php on line 3
[20-Apr-2020 05:46:43 UTC] PHP Warning:  require(/home/bzyll9dyfa3c/public_html/alhazaz.afaqtechweb.com/vendor/composer/../../app/Http/Helpers.php): failed to open stream: No such file or directory in /home/bzyll9dyfa3c/public_html/alhazaz.afaqtechweb.com/vendor/composer/autoload_real.php on line 66
[20-Apr-2020 05:46:43 UTC] PHP Fatal error:  require(): Failed opening required '/home/bzyll9dyfa3c/public_html/alhazaz.afaqtechweb.com/vendor/composer/../../app/Http/Helpers.php' (include_path='.:/opt/alt/php72/usr/share/pear') in /home/bzyll9dyfa3c/public_html/alhazaz.afaqtechweb.com/vendor/composer/autoload_real.php on line 66
[20-Apr-2020 05:46:44 UTC] PHP Warning:  require(/home/bzyll9dyfa3c/public_html/alhazaz.afaqtechweb.com/vendor/composer/../../app/Http/Helpers.php): failed to open stream: No such file or directory in /home/bzyll9dyfa3c/public_html/alhazaz.afaqtechweb.com/vendor/composer/autoload_real.php on line 66
[20-Apr-2020 05:46:44 UTC] PHP Fatal error:  require(): Failed opening required '/home/bzyll9dyfa3c/public_html/alhazaz.afaqtechweb.com/vendor/composer/../../app/Http/Helpers.php' (include_path='.:/opt/alt/php72/usr/share/pear') in /home/bzyll9dyfa3c/public_html/alhazaz.afaqtechweb.com/vendor/composer/autoload_real.php on line 66
[20-Apr-2020 05:46:54 UTC] PHP Warning:  require(/home/bzyll9dyfa3c/public_html/alhazaz.afaqtechweb.com/vendor/composer/../../app/Http/Helpers.php): failed to open stream: No such file or directory in /home/bzyll9dyfa3c/public_html/alhazaz.afaqtechweb.com/vendor/composer/autoload_real.php on line 66
[20-Apr-2020 05:46:54 UTC] PHP Fatal error:  require(): Failed opening required '/home/bzyll9dyfa3c/public_html/alhazaz.afaqtechweb.com/vendor/composer/../../app/Http/Helpers.php' (include_path='.:/opt/alt/php72/usr/share/pear') in /home/bzyll9dyfa3c/public_html/alhazaz.afaqtechweb.com/vendor/composer/autoload_real.php on line 66
[20-Apr-2020 06:12:15 UTC] PHP Warning:  require_once(/home/bzyll9dyfa3c/public_html/alhazaz.afaqtechweb.com/public/index.php): failed to open stream: No such file or directory in /home/bzyll9dyfa3c/public_html/alhazaz.afaqtechweb.com/server.php on line 21
[20-Apr-2020 06:12:15 UTC] PHP Fatal error:  require_once(): Failed opening required '/home/bzyll9dyfa3c/public_html/alhazaz.afaqtechweb.com/public/index.php' (include_path='.:/opt/alt/php72/usr/share/pear') in /home/bzyll9dyfa3c/public_html/alhazaz.afaqtechweb.com/server.php on line 21
[20-Apr-2020 06:12:19 UTC] PHP Warning:  require_once(/home/bzyll9dyfa3c/public_html/alhazaz.afaqtechweb.com/public/index.php): failed to open stream: No such file or directory in /home/bzyll9dyfa3c/public_html/alhazaz.afaqtechweb.com/server.php on line 21
[20-Apr-2020 06:12:19 UTC] PHP Fatal error:  require_once(): Failed opening required '/home/bzyll9dyfa3c/public_html/alhazaz.afaqtechweb.com/public/index.php' (include_path='.:/opt/alt/php72/usr/share/pear') in /home/bzyll9dyfa3c/public_html/alhazaz.afaqtechweb.com/server.php on line 21
[20-Apr-2020 06:15:12 UTC] PHP Warning:  require_once(/home/bzyll9dyfa3c/public_html/alhazaz.afaqtechweb.com/public/index.php): failed to open stream: No such file or directory in /home/bzyll9dyfa3c/public_html/alhazaz.afaqtechweb.com/server.php on line 21
[20-Apr-2020 06:15:12 UTC] PHP Fatal error:  require_once(): Failed opening required '/home/bzyll9dyfa3c/public_html/alhazaz.afaqtechweb.com/public/index.php' (include_path='.:/opt/alt/php72/usr/share/pear') in /home/bzyll9dyfa3c/public_html/alhazaz.afaqtechweb.com/server.php on line 21
[20-Apr-2020 07:11:02 UTC] PHP Warning:  require_once(/home/bzyll9dyfa3c/public_html/alhazaz.afaqtechweb.com/public/../bootstrap/app.php): failed to open stream: No such file or directory in /home/bzyll9dyfa3c/public_html/alhazaz.afaqtechweb.com/public/index.php on line 37
[20-Apr-2020 07:11:02 UTC] PHP Fatal error:  require_once(): Failed opening required '/home/bzyll9dyfa3c/public_html/alhazaz.afaqtechweb.com/public/../bootstrap/app.php' (include_path='.:/opt/alt/php72/usr/share/pear') in /home/bzyll9dyfa3c/public_html/alhazaz.afaqtechweb.com/public/index.php on line 37
[20-Apr-2020 07:11:18 UTC] PHP Warning:  require_once(/home/bzyll9dyfa3c/public_html/alhazaz.afaqtechweb.com/public/../bootstrap/app.php): failed to open stream: No such file or directory in /home/bzyll9dyfa3c/public_html/alhazaz.afaqtechweb.com/public/index.php on line 37
[20-Apr-2020 07:11:18 UTC] PHP Fatal error:  require_once(): Failed opening required '/home/bzyll9dyfa3c/public_html/alhazaz.afaqtechweb.com/public/../bootstrap/app.php' (include_path='.:/opt/alt/php72/usr/share/pear') in /home/bzyll9dyfa3c/public_html/alhazaz.afaqtechweb.com/public/index.php on line 37
[20-Apr-2020 07:20:25 UTC] PHP Fatal error:  Uncaught ReflectionException: Class config does not exist in /home/bzyll9dyfa3c/public_html/alhazaz.afaqtechweb.com/vendor/laravel/framework/src/Illuminate/Container/Container.php:779
Stack trace:
#0 /home/bzyll9dyfa3c/public_html/alhazaz.afaqtechweb.com/vendor/laravel/framework/src/Illuminate/Container/Container.php(779): ReflectionClass->__construct('config')
#1 /home/bzyll9dyfa3c/public_html/alhazaz.afaqtechweb.com/vendor/laravel/framework/src/Illuminate/Container/Container.php(658): Illuminate\Container\Container->build('config')
#2 /home/bzyll9dyfa3c/public_html/alhazaz.afaqtechweb.com/vendor/laravel/framework/src/Illuminate/Container/Container.php(609): Illuminate\Container\Container->resolve('config', Array)
#3 /home/bzyll9dyfa3c/public_html/alhazaz.afaqtechweb.com/vendor/laravel/framework/src/Illuminate/Foundation/Application.php(759): Illuminate\Container\Container->make('config', Array)
#4 /home/bzyll9dyfa3c/public_html/alhazaz.afaqtechweb.com/vendor/laravel/framework/src/Illuminate/Container/Contai in /home/bzyll9dyfa3c/public_html/alhazaz.afaqtechweb.com/vendor/laravel/framework/src/Illuminate/Container/Container.php on line 779
[03-Jun-2020 04:22:56 UTC] PHP Warning:  require_once(/home/bzyll9dyfa3c/public_html/alfahd.afaqtechweb.com/public/index.php): failed to open stream: No such file or directory in /home/bzyll9dyfa3c/public_html/alfahd.afaqtechweb.com/server.php on line 21
[03-Jun-2020 04:22:56 UTC] PHP Fatal error:  require_once(): Failed opening required '/home/bzyll9dyfa3c/public_html/alfahd.afaqtechweb.com/public/index.php' (include_path='.:/opt/alt/php72/usr/share/pear') in /home/bzyll9dyfa3c/public_html/alfahd.afaqtechweb.com/server.php on line 21
[03-Jun-2020 04:23:37 UTC] PHP Warning:  require_once(/home/bzyll9dyfa3c/public_html/alfahd.afaqtechweb.com/public/index.php): failed to open stream: No such file or directory in /home/bzyll9dyfa3c/public_html/alfahd.afaqtechweb.com/server.php on line 21
[03-Jun-2020 04:23:38 UTC] PHP Fatal error:  require_once(): Failed opening required '/home/bzyll9dyfa3c/public_html/alfahd.afaqtechweb.com/public/index.php' (include_path='.:/opt/alt/php72/usr/share/pear') in /home/bzyll9dyfa3c/public_html/alfahd.afaqtechweb.com/server.php on line 21
[03-Jun-2020 04:24:56 UTC] PHP Warning:  require_once(/home/bzyll9dyfa3c/public_html/alfahd.afaqtechweb.com/public/index.php): failed to open stream: No such file or directory in /home/bzyll9dyfa3c/public_html/alfahd.afaqtechweb.com/server.php on line 21
[03-Jun-2020 04:24:56 UTC] PHP Fatal error:  require_once(): Failed opening required '/home/bzyll9dyfa3c/public_html/alfahd.afaqtechweb.com/public/index.php' (include_path='.:/opt/alt/php72/usr/share/pear') in /home/bzyll9dyfa3c/public_html/alfahd.afaqtechweb.com/server.php on line 21
[03-Jun-2020 04:25:09 UTC] PHP Warning:  require_once(/home/bzyll9dyfa3c/public_html/alfahd.afaqtechweb.com/public/index.php): failed to open stream: No such file or directory in /home/bzyll9dyfa3c/public_html/alfahd.afaqtechweb.com/server.php on line 21
[03-Jun-2020 04:25:09 UTC] PHP Fatal error:  require_once(): Failed opening required '/home/bzyll9dyfa3c/public_html/alfahd.afaqtechweb.com/public/index.php' (include_path='.:/opt/alt/php72/usr/share/pear') in /home/bzyll9dyfa3c/public_html/alfahd.afaqtechweb.com/server.php on line 21
[03-Jun-2020 04:25:11 UTC] PHP Warning:  require_once(/home/bzyll9dyfa3c/public_html/alfahd.afaqtechweb.com/public/index.php): failed to open stream: No such file or directory in /home/bzyll9dyfa3c/public_html/alfahd.afaqtechweb.com/server.php on line 21
[03-Jun-2020 04:25:11 UTC] PHP Fatal error:  require_once(): Failed opening required '/home/bzyll9dyfa3c/public_html/alfahd.afaqtechweb.com/public/index.php' (include_path='.:/opt/alt/php72/usr/share/pear') in /home/bzyll9dyfa3c/public_html/alfahd.afaqtechweb.com/server.php on line 21
[03-Jun-2020 04:27:12 UTC] PHP Warning:  require_once(/home/bzyll9dyfa3c/public_html/alfahd.afaqtechweb.com/public/index.php): failed to open stream: No such file or directory in /home/bzyll9dyfa3c/public_html/alfahd.afaqtechweb.com/server.php on line 21
[03-Jun-2020 04:27:12 UTC] PHP Fatal error:  require_once(): Failed opening required '/home/bzyll9dyfa3c/public_html/alfahd.afaqtechweb.com/public/index.php' (include_path='.:/opt/alt/php72/usr/share/pear') in /home/bzyll9dyfa3c/public_html/alfahd.afaqtechweb.com/server.php on line 21
[03-Jun-2020 04:27:16 UTC] PHP Warning:  require_once(/home/bzyll9dyfa3c/public_html/alfahd.afaqtechweb.com/public/index.php): failed to open stream: No such file or directory in /home/bzyll9dyfa3c/public_html/alfahd.afaqtechweb.com/server.php on line 21
[03-Jun-2020 04:27:16 UTC] PHP Fatal error:  require_once(): Failed opening required '/home/bzyll9dyfa3c/public_html/alfahd.afaqtechweb.com/public/index.php' (include_path='.:/opt/alt/php72/usr/share/pear') in /home/bzyll9dyfa3c/public_html/alfahd.afaqtechweb.com/server.php on line 21
[03-Jun-2020 04:27:29 UTC] PHP Warning:  require_once(/home/bzyll9dyfa3c/public_html/alfahd.afaqtechweb.com/public/index.php): failed to open stream: No such file or directory in /home/bzyll9dyfa3c/public_html/alfahd.afaqtechweb.com/server.php on line 21
[03-Jun-2020 04:27:29 UTC] PHP Fatal error:  require_once(): Failed opening required '/home/bzyll9dyfa3c/public_html/alfahd.afaqtechweb.com/public/index.php' (include_path='.:/opt/alt/php72/usr/share/pear') in /home/bzyll9dyfa3c/public_html/alfahd.afaqtechweb.com/server.php on line 21
[03-Jun-2020 04:27:33 UTC] PHP Warning:  require_once(/home/bzyll9dyfa3c/public_html/alfahd.afaqtechweb.com/public/index.php): failed to open stream: No such file or directory in /home/bzyll9dyfa3c/public_html/alfahd.afaqtechweb.com/server.php on line 21
[03-Jun-2020 04:27:33 UTC] PHP Fatal error:  require_once(): Failed opening required '/home/bzyll9dyfa3c/public_html/alfahd.afaqtechweb.com/public/index.php' (include_path='.:/opt/alt/php72/usr/share/pear') in /home/bzyll9dyfa3c/public_html/alfahd.afaqtechweb.com/server.php on line 21
[03-Jun-2020 04:27:41 UTC] PHP Warning:  require_once(/home/bzyll9dyfa3c/public_html/alfahd.afaqtechweb.com/public/index.php): failed to open stream: No such file or directory in /home/bzyll9dyfa3c/public_html/alfahd.afaqtechweb.com/server.php on line 21
[03-Jun-2020 04:27:41 UTC] PHP Fatal error:  require_once(): Failed opening required '/home/bzyll9dyfa3c/public_html/alfahd.afaqtechweb.com/public/index.php' (include_path='.:/opt/alt/php72/usr/share/pear') in /home/bzyll9dyfa3c/public_html/alfahd.afaqtechweb.com/server.php on line 21
[03-Jun-2020 04:28:30 UTC] PHP Warning:  require_once(/home/bzyll9dyfa3c/public_html/alfahd.afaqtechweb.com/public/index.php): failed to open stream: No such file or directory in /home/bzyll9dyfa3c/public_html/alfahd.afaqtechweb.com/server.php on line 21
[03-Jun-2020 04:28:30 UTC] PHP Fatal error:  require_once(): Failed opening required '/home/bzyll9dyfa3c/public_html/alfahd.afaqtechweb.com/public/index.php' (include_path='.:/opt/alt/php72/usr/share/pear') in /home/bzyll9dyfa3c/public_html/alfahd.afaqtechweb.com/server.php on line 21
[03-Jun-2020 04:28:35 UTC] PHP Warning:  require_once(/home/bzyll9dyfa3c/public_html/alfahd.afaqtechweb.com/public/index.php): failed to open stream: No such file or directory in /home/bzyll9dyfa3c/public_html/alfahd.afaqtechweb.com/server.php on line 21
[03-Jun-2020 04:28:35 UTC] PHP Fatal error:  require_once(): Failed opening required '/home/bzyll9dyfa3c/public_html/alfahd.afaqtechweb.com/public/index.php' (include_path='.:/opt/alt/php72/usr/share/pear') in /home/bzyll9dyfa3c/public_html/alfahd.afaqtechweb.com/server.php on line 21
[03-Jun-2020 04:32:59 UTC] PHP Warning:  require_once(/home/bzyll9dyfa3c/public_html/alfahd.afaqtechweb.com/public/index.php): failed to open stream: No such file or directory in /home/bzyll9dyfa3c/public_html/alfahd.afaqtechweb.com/server.php on line 21
[03-Jun-2020 04:32:59 UTC] PHP Fatal error:  require_once(): Failed opening required '/home/bzyll9dyfa3c/public_html/alfahd.afaqtechweb.com/public/index.php' (include_path='.:/opt/alt/php72/usr/share/pear') in /home/bzyll9dyfa3c/public_html/alfahd.afaqtechweb.com/server.php on line 21
[03-Jun-2020 04:36:16 UTC] PHP Warning:  require_once(/home/bzyll9dyfa3c/public_html/alfahd.afaqtechweb.com/public/index.php): failed to open stream: No such file or directory in /home/bzyll9dyfa3c/public_html/alfahd.afaqtechweb.com/server.php on line 21
[03-Jun-2020 04:36:16 UTC] PHP Fatal error:  require_once(): Failed opening required '/home/bzyll9dyfa3c/public_html/alfahd.afaqtechweb.com/public/index.php' (include_path='.:/opt/alt/php72/usr/share/pear') in /home/bzyll9dyfa3c/public_html/alfahd.afaqtechweb.com/server.php on line 21
[03-Jun-2020 04:36:53 UTC] PHP Warning:  require_once(/home/bzyll9dyfa3c/public_html/alfahd.afaqtechweb.com/public/index.php): failed to open stream: No such file or directory in /home/bzyll9dyfa3c/public_html/alfahd.afaqtechweb.com/server.php on line 21
[03-Jun-2020 04:36:53 UTC] PHP Fatal error:  require_once(): Failed opening required '/home/bzyll9dyfa3c/public_html/alfahd.afaqtechweb.com/public/index.php' (include_path='.:/opt/alt/php72/usr/share/pear') in /home/bzyll9dyfa3c/public_html/alfahd.afaqtechweb.com/server.php on line 21
[03-Jun-2020 04:37:26 UTC] PHP Warning:  require_once(/home/bzyll9dyfa3c/public_html/alfahd.afaqtechweb.com/public/index.php): failed to open stream: No such file or directory in /home/bzyll9dyfa3c/public_html/alfahd.afaqtechweb.com/server.php on line 21
[03-Jun-2020 04:37:26 UTC] PHP Fatal error:  require_once(): Failed opening required '/home/bzyll9dyfa3c/public_html/alfahd.afaqtechweb.com/public/index.php' (include_path='.:/opt/alt/php72/usr/share/pear') in /home/bzyll9dyfa3c/public_html/alfahd.afaqtechweb.com/server.php on line 21
[03-Jun-2020 04:37:29 UTC] PHP Warning:  require_once(/home/bzyll9dyfa3c/public_html/alfahd.afaqtechweb.com/public/index.php): failed to open stream: No such file or directory in /home/bzyll9dyfa3c/public_html/alfahd.afaqtechweb.com/server.php on line 21
[03-Jun-2020 04:37:29 UTC] PHP Fatal error:  require_once(): Failed opening required '/home/bzyll9dyfa3c/public_html/alfahd.afaqtechweb.com/public/index.php' (include_path='.:/opt/alt/php72/usr/share/pear') in /home/bzyll9dyfa3c/public_html/alfahd.afaqtechweb.com/server.php on line 21
[03-Jun-2020 04:37:41 UTC] PHP Warning:  require_once(/home/bzyll9dyfa3c/public_html/alfahd.afaqtechweb.com/public/index.php): failed to open stream: No such file or directory in /home/bzyll9dyfa3c/public_html/alfahd.afaqtechweb.com/server.php on line 21
[03-Jun-2020 04:37:41 UTC] PHP Fatal error:  require_once(): Failed opening required '/home/bzyll9dyfa3c/public_html/alfahd.afaqtechweb.com/public/index.php' (include_path='.:/opt/alt/php72/usr/share/pear') in /home/bzyll9dyfa3c/public_html/alfahd.afaqtechweb.com/server.php on line 21
[04-Jun-2020 00:22:29 UTC] PHP Warning:  Unsupported declare 'strict_types' in /home/bzyll9dyfa3c/public_html/alfahd.afaqtechweb.com/vendor/zendframework/zend-diactoros/src/functions/create_uploaded_file.php on line 8
[04-Jun-2020 00:22:29 UTC] PHP Parse error:  syntax error, unexpected ':', expecting '{' in /home/bzyll9dyfa3c/public_html/alfahd.afaqtechweb.com/vendor/zendframework/zend-diactoros/src/functions/create_uploaded_file.php on line 19
[04-Jun-2020 00:23:02 UTC] PHP Warning:  Unsupported declare 'strict_types' in /home/bzyll9dyfa3c/public_html/alfahd.afaqtechweb.com/vendor/zendframework/zend-diactoros/src/functions/create_uploaded_file.php on line 8
[04-Jun-2020 00:23:02 UTC] PHP Parse error:  syntax error, unexpected ':', expecting '{' in /home/bzyll9dyfa3c/public_html/alfahd.afaqtechweb.com/vendor/zendframework/zend-diactoros/src/functions/create_uploaded_file.php on line 19
[04-Jun-2020 00:23:04 UTC] PHP Warning:  Unsupported declare 'strict_types' in /home/bzyll9dyfa3c/public_html/alfahd.afaqtechweb.com/vendor/zendframework/zend-diactoros/src/functions/create_uploaded_file.php on line 8
[04-Jun-2020 00:23:04 UTC] PHP Parse error:  syntax error, unexpected ':', expecting '{' in /home/bzyll9dyfa3c/public_html/alfahd.afaqtechweb.com/vendor/zendframework/zend-diactoros/src/functions/create_uploaded_file.php on line 19
[04-Jun-2020 00:23:05 UTC] PHP Warning:  Unsupported declare 'strict_types' in /home/bzyll9dyfa3c/public_html/alfahd.afaqtechweb.com/vendor/zendframework/zend-diactoros/src/functions/create_uploaded_file.php on line 8
[04-Jun-2020 00:23:05 UTC] PHP Parse error:  syntax error, unexpected ':', expecting '{' in /home/bzyll9dyfa3c/public_html/alfahd.afaqtechweb.com/vendor/zendframework/zend-diactoros/src/functions/create_uploaded_file.php on line 19
[04-Jun-2020 00:23:06 UTC] PHP Warning:  Unsupported declare 'strict_types' in /home/bzyll9dyfa3c/public_html/alfahd.afaqtechweb.com/vendor/zendframework/zend-diactoros/src/functions/create_uploaded_file.php on line 8
[04-Jun-2020 00:23:06 UTC] PHP Parse error:  syntax error, unexpected ':', expecting '{' in /home/bzyll9dyfa3c/public_html/alfahd.afaqtechweb.com/vendor/zendframework/zend-diactoros/src/functions/create_uploaded_file.php on line 19
[04-Jun-2020 00:23:07 UTC] PHP Warning:  Unsupported declare 'strict_types' in /home/bzyll9dyfa3c/public_html/alfahd.afaqtechweb.com/vendor/zendframework/zend-diactoros/src/functions/create_uploaded_file.php on line 8
[04-Jun-2020 00:23:07 UTC] PHP Parse error:  syntax error, unexpected ':', expecting '{' in /home/bzyll9dyfa3c/public_html/alfahd.afaqtechweb.com/vendor/zendframework/zend-diactoros/src/functions/create_uploaded_file.php on line 19
[04-Jun-2020 00:23:09 UTC] PHP Warning:  Unsupported declare 'strict_types' in /home/bzyll9dyfa3c/public_html/alfahd.afaqtechweb.com/vendor/zendframework/zend-diactoros/src/functions/create_uploaded_file.php on line 8
[04-Jun-2020 00:23:09 UTC] PHP Parse error:  syntax error, unexpected ':', expecting '{' in /home/bzyll9dyfa3c/public_html/alfahd.afaqtechweb.com/vendor/zendframework/zend-diactoros/src/functions/create_uploaded_file.php on line 19
[04-Jun-2020 00:24:28 UTC] PHP Warning:  Unsupported declare 'strict_types' in /home/bzyll9dyfa3c/public_html/alfahd.afaqtechweb.com/vendor/zendframework/zend-diactoros/src/functions/create_uploaded_file.php on line 8
[04-Jun-2020 00:24:28 UTC] PHP Parse error:  syntax error, unexpected ':', expecting '{' in /home/bzyll9dyfa3c/public_html/alfahd.afaqtechweb.com/vendor/zendframework/zend-diactoros/src/functions/create_uploaded_file.php on line 19
[04-Jun-2020 00:24:30 UTC] PHP Warning:  Unsupported declare 'strict_types' in /home/bzyll9dyfa3c/public_html/alfahd.afaqtechweb.com/vendor/zendframework/zend-diactoros/src/functions/create_uploaded_file.php on line 8
[04-Jun-2020 00:24:30 UTC] PHP Parse error:  syntax error, unexpected ':', expecting '{' in /home/bzyll9dyfa3c/public_html/alfahd.afaqtechweb.com/vendor/zendframework/zend-diactoros/src/functions/create_uploaded_file.php on line 19
[04-Jun-2020 00:24:31 UTC] PHP Warning:  Unsupported declare 'strict_types' in /home/bzyll9dyfa3c/public_html/alfahd.afaqtechweb.com/vendor/zendframework/zend-diactoros/src/functions/create_uploaded_file.php on line 8
[04-Jun-2020 00:24:31 UTC] PHP Parse error:  syntax error, unexpected ':', expecting '{' in /home/bzyll9dyfa3c/public_html/alfahd.afaqtechweb.com/vendor/zendframework/zend-diactoros/src/functions/create_uploaded_file.php on line 19
[04-Jun-2020 00:24:32 UTC] PHP Warning:  Unsupported declare 'strict_types' in /home/bzyll9dyfa3c/public_html/alfahd.afaqtechweb.com/vendor/zendframework/zend-diactoros/src/functions/create_uploaded_file.php on line 8
[04-Jun-2020 00:24:32 UTC] PHP Parse error:  syntax error, unexpected ':', expecting '{' in /home/bzyll9dyfa3c/public_html/alfahd.afaqtechweb.com/vendor/zendframework/zend-diactoros/src/functions/create_uploaded_file.php on line 19
[04-Jun-2020 00:24:33 UTC] PHP Warning:  Unsupported declare 'strict_types' in /home/bzyll9dyfa3c/public_html/alfahd.afaqtechweb.com/vendor/zendframework/zend-diactoros/src/functions/create_uploaded_file.php on line 8
[04-Jun-2020 00:24:33 UTC] PHP Parse error:  syntax error, unexpected ':', expecting '{' in /home/bzyll9dyfa3c/public_html/alfahd.afaqtechweb.com/vendor/zendframework/zend-diactoros/src/functions/create_uploaded_file.php on line 19
[04-Jun-2020 00:24:35 UTC] PHP Warning:  Unsupported declare 'strict_types' in /home/bzyll9dyfa3c/public_html/alfahd.afaqtechweb.com/vendor/zendframework/zend-diactoros/src/functions/create_uploaded_file.php on line 8
[04-Jun-2020 00:24:35 UTC] PHP Parse error:  syntax error, unexpected ':', expecting '{' in /home/bzyll9dyfa3c/public_html/alfahd.afaqtechweb.com/vendor/zendframework/zend-diactoros/src/functions/create_uploaded_file.php on line 19
[04-Jun-2020 00:24:36 UTC] PHP Warning:  Unsupported declare 'strict_types' in /home/bzyll9dyfa3c/public_html/alfahd.afaqtechweb.com/vendor/zendframework/zend-diactoros/src/functions/create_uploaded_file.php on line 8
[04-Jun-2020 00:24:36 UTC] PHP Parse error:  syntax error, unexpected ':', expecting '{' in /home/bzyll9dyfa3c/public_html/alfahd.afaqtechweb.com/vendor/zendframework/zend-diactoros/src/functions/create_uploaded_file.php on line 19
[04-Jun-2020 00:25:12 UTC] PHP Warning:  Unsupported declare 'strict_types' in /home/bzyll9dyfa3c/public_html/alfahd.afaqtechweb.com/vendor/zendframework/zend-diactoros/src/functions/create_uploaded_file.php on line 8
[04-Jun-2020 00:25:12 UTC] PHP Parse error:  syntax error, unexpected ':', expecting '{' in /home/bzyll9dyfa3c/public_html/alfahd.afaqtechweb.com/vendor/zendframework/zend-diactoros/src/functions/create_uploaded_file.php on line 19
[04-Jun-2020 00:25:13 UTC] PHP Warning:  Unsupported declare 'strict_types' in /home/bzyll9dyfa3c/public_html/alfahd.afaqtechweb.com/vendor/zendframework/zend-diactoros/src/functions/create_uploaded_file.php on line 8
[04-Jun-2020 00:25:13 UTC] PHP Parse error:  syntax error, unexpected ':', expecting '{' in /home/bzyll9dyfa3c/public_html/alfahd.afaqtechweb.com/vendor/zendframework/zend-diactoros/src/functions/create_uploaded_file.php on line 19
[04-Jun-2020 00:25:29 UTC] PHP Warning:  Unsupported declare 'strict_types' in /home/bzyll9dyfa3c/public_html/alfahd.afaqtechweb.com/vendor/zendframework/zend-diactoros/src/functions/create_uploaded_file.php on line 8
[04-Jun-2020 00:25:29 UTC] PHP Parse error:  syntax error, unexpected ':', expecting '{' in /home/bzyll9dyfa3c/public_html/alfahd.afaqtechweb.com/vendor/zendframework/zend-diactoros/src/functions/create_uploaded_file.php on line 19
[04-Jun-2020 00:35:10 UTC] PHP Warning:  Unsupported declare 'strict_types' in /home/bzyll9dyfa3c/public_html/alfahd.afaqtechweb.com/vendor/zendframework/zend-diactoros/src/functions/create_uploaded_file.php on line 8
[04-Jun-2020 00:35:10 UTC] PHP Parse error:  syntax error, unexpected ':', expecting '{' in /home/bzyll9dyfa3c/public_html/alfahd.afaqtechweb.com/vendor/zendframework/zend-diactoros/src/functions/create_uploaded_file.php on line 19
[04-Jun-2020 00:35:40 UTC] PHP Warning:  Unsupported declare 'strict_types' in /home/bzyll9dyfa3c/public_html/alfahd.afaqtechweb.com/vendor/zendframework/zend-diactoros/src/functions/create_uploaded_file.php on line 8
[04-Jun-2020 00:35:40 UTC] PHP Parse error:  syntax error, unexpected ':', expecting '{' in /home/bzyll9dyfa3c/public_html/alfahd.afaqtechweb.com/vendor/zendframework/zend-diactoros/src/functions/create_uploaded_file.php on line 19
[04-Jun-2020 00:37:25 UTC] PHP Parse error:  syntax error, unexpected ':', expecting '{' in /home/bzyll9dyfa3c/public_html/alfahd.afaqtechweb.com/vendor/zendframework/zend-diactoros/src/functions/create_uploaded_file.php on line 19
[04-Jun-2020 00:37:50 UTC] PHP Parse error:  syntax error, unexpected '?' in /home/bzyll9dyfa3c/public_html/alfahd.afaqtechweb.com/vendor/zendframework/zend-diactoros/src/functions/create_uploaded_file.php on line 36
[04-Jun-2020 00:38:19 UTC] PHP Warning:  Unsupported declare 'strict_types' in /home/bzyll9dyfa3c/public_html/alfahd.afaqtechweb.com/vendor/zendframework/zend-diactoros/src/functions/marshal_headers_from_sapi.php on line 8
[04-Jun-2020 00:38:19 UTC] PHP Parse error:  syntax error, unexpected ':', expecting '{' in /home/bzyll9dyfa3c/public_html/alfahd.afaqtechweb.com/vendor/zendframework/zend-diactoros/src/functions/marshal_headers_from_sapi.php on line 23
[04-Jun-2020 00:38:59 UTC] PHP Warning:  Unsupported declare 'strict_types' in /home/bzyll9dyfa3c/public_html/alfahd.afaqtechweb.com/vendor/zendframework/zend-diactoros/src/functions/create_uploaded_file.php on line 8
[04-Jun-2020 00:38:59 UTC] PHP Parse error:  syntax error, unexpected ':', expecting '{' in /home/bzyll9dyfa3c/public_html/alfahd.afaqtechweb.com/vendor/zendframework/zend-diactoros/src/functions/create_uploaded_file.php on line 19
[04-Jun-2020 00:50:06 UTC] PHP Warning:  Unsupported declare 'strict_types' in /home/bzyll9dyfa3c/public_html/alfahd.afaqtechweb.com/vendor/zendframework/zend-diactoros/src/functions/create_uploaded_file.php on line 8
[04-Jun-2020 00:50:06 UTC] PHP Parse error:  syntax error, unexpected ':', expecting '{' in /home/bzyll9dyfa3c/public_html/alfahd.afaqtechweb.com/vendor/zendframework/zend-diactoros/src/functions/create_uploaded_file.php on line 19
[04-Jun-2020 00:50:15 UTC] PHP Warning:  Unsupported declare 'strict_types' in /home/bzyll9dyfa3c/public_html/alfahd.afaqtechweb.com/vendor/zendframework/zend-diactoros/src/functions/create_uploaded_file.php on line 8
[04-Jun-2020 00:50:15 UTC] PHP Parse error:  syntax error, unexpected ':', expecting '{' in /home/bzyll9dyfa3c/public_html/alfahd.afaqtechweb.com/vendor/zendframework/zend-diactoros/src/functions/create_uploaded_file.php on line 19
[04-Jun-2020 00:50:16 UTC] PHP Warning:  Unsupported declare 'strict_types' in /home/bzyll9dyfa3c/public_html/alfahd.afaqtechweb.com/vendor/zendframework/zend-diactoros/src/functions/create_uploaded_file.php on line 8
[04-Jun-2020 00:50:16 UTC] PHP Parse error:  syntax error, unexpected ':', expecting '{' in /home/bzyll9dyfa3c/public_html/alfahd.afaqtechweb.com/vendor/zendframework/zend-diactoros/src/functions/create_uploaded_file.php on line 19
[04-Jun-2020 01:19:17 UTC] PHP Warning:  Unsupported declare 'strict_types' in /home/bzyll9dyfa3c/public_html/alfahd.afaqtechweb.com/vendor/zendframework/zend-diactoros/src/functions/create_uploaded_file.php on line 8
[04-Jun-2020 01:19:17 UTC] PHP Parse error:  syntax error, unexpected ':', expecting '{' in /home/bzyll9dyfa3c/public_html/alfahd.afaqtechweb.com/vendor/zendframework/zend-diactoros/src/functions/create_uploaded_file.php on line 19
[04-Jun-2020 01:19:31 UTC] PHP Warning:  Unsupported declare 'strict_types' in /home/bzyll9dyfa3c/public_html/alfahd.afaqtechweb.com/vendor/zendframework/zend-diactoros/src/functions/create_uploaded_file.php on line 8
[04-Jun-2020 01:19:31 UTC] PHP Parse error:  syntax error, unexpected ':', expecting '{' in /home/bzyll9dyfa3c/public_html/alfahd.afaqtechweb.com/vendor/zendframework/zend-diactoros/src/functions/create_uploaded_file.php on line 19
[04-Jun-2020 02:35:03 UTC] PHP Warning:  Unsupported declare 'strict_types' in /home/bzyll9dyfa3c/public_html/alfahd.afaqtechweb.com/vendor/zendframework/zend-diactoros/src/functions/create_uploaded_file.php on line 8
[04-Jun-2020 02:35:03 UTC] PHP Parse error:  syntax error, unexpected ':', expecting '{' in /home/bzyll9dyfa3c/public_html/alfahd.afaqtechweb.com/vendor/zendframework/zend-diactoros/src/functions/create_uploaded_file.php on line 19
[04-Jun-2020 02:35:26 UTC] PHP Warning:  Unsupported declare 'strict_types' in /home/bzyll9dyfa3c/public_html/alfahd.afaqtechweb.com/vendor/zendframework/zend-diactoros/src/functions/create_uploaded_file.php on line 8
[04-Jun-2020 02:35:26 UTC] PHP Parse error:  syntax error, unexpected ':', expecting '{' in /home/bzyll9dyfa3c/public_html/alfahd.afaqtechweb.com/vendor/zendframework/zend-diactoros/src/functions/create_uploaded_file.php on line 19
[04-Jun-2020 04:23:53 UTC] PHP Warning:  Unsupported declare 'strict_types' in /home/bzyll9dyfa3c/public_html/alfahd.afaqtechweb.com/vendor/zendframework/zend-diactoros/src/functions/create_uploaded_file.php on line 8
[04-Jun-2020 04:23:53 UTC] PHP Parse error:  syntax error, unexpected ':', expecting '{' in /home/bzyll9dyfa3c/public_html/alfahd.afaqtechweb.com/vendor/zendframework/zend-diactoros/src/functions/create_uploaded_file.php on line 19
[04-Jun-2020 06:33:02 UTC] PHP Warning:  Unsupported declare 'strict_types' in /home/bzyll9dyfa3c/public_html/alfahd.afaqtechweb.com/vendor/zendframework/zend-diactoros/src/functions/create_uploaded_file.php on line 8
[04-Jun-2020 06:33:02 UTC] PHP Parse error:  syntax error, unexpected ':', expecting '{' in /home/bzyll9dyfa3c/public_html/alfahd.afaqtechweb.com/vendor/zendframework/zend-diactoros/src/functions/create_uploaded_file.php on line 19
[04-Jun-2020 06:33:04 UTC] PHP Warning:  Unsupported declare 'strict_types' in /home/bzyll9dyfa3c/public_html/alfahd.afaqtechweb.com/vendor/zendframework/zend-diactoros/src/functions/create_uploaded_file.php on line 8
[04-Jun-2020 06:33:04 UTC] PHP Parse error:  syntax error, unexpected ':', expecting '{' in /home/bzyll9dyfa3c/public_html/alfahd.afaqtechweb.com/vendor/zendframework/zend-diactoros/src/functions/create_uploaded_file.php on line 19
[04-Jun-2020 06:33:29 UTC] PHP Warning:  Unsupported declare 'strict_types' in /home/bzyll9dyfa3c/public_html/alfahd.afaqtechweb.com/vendor/zendframework/zend-diactoros/src/functions/create_uploaded_file.php on line 8
[04-Jun-2020 06:33:29 UTC] PHP Parse error:  syntax error, unexpected ':', expecting '{' in /home/bzyll9dyfa3c/public_html/alfahd.afaqtechweb.com/vendor/zendframework/zend-diactoros/src/functions/create_uploaded_file.php on line 19
[04-Jun-2020 06:59:48 UTC] PHP Warning:  Unsupported declare 'strict_types' in /home/bzyll9dyfa3c/public_html/alfahd.afaqtechweb.com/vendor/zendframework/zend-diactoros/src/functions/create_uploaded_file.php on line 8
[04-Jun-2020 06:59:48 UTC] PHP Parse error:  syntax error, unexpected ':', expecting '{' in /home/bzyll9dyfa3c/public_html/alfahd.afaqtechweb.com/vendor/zendframework/zend-diactoros/src/functions/create_uploaded_file.php on line 19
[04-Jun-2020 07:00:01 UTC] PHP Parse error:  syntax error, unexpected '?' in /home/bzyll9dyfa3c/public_html/alfahd.afaqtechweb.com/cron.php on line 12
[04-Jun-2020 08:52:15 UTC] PHP Warning:  Unsupported declare 'strict_types' in /home/bzyll9dyfa3c/public_html/alfahd.afaqtechweb.com/vendor/zendframework/zend-diactoros/src/functions/create_uploaded_file.php on line 8
[04-Jun-2020 08:52:15 UTC] PHP Parse error:  syntax error, unexpected ':', expecting '{' in /home/bzyll9dyfa3c/public_html/alfahd.afaqtechweb.com/vendor/zendframework/zend-diactoros/src/functions/create_uploaded_file.php on line 19
[04-Jun-2020 08:56:56 UTC] PHP Warning:  Unsupported declare 'strict_types' in /home/bzyll9dyfa3c/public_html/alfahd.afaqtechweb.com/vendor/zendframework/zend-diactoros/src/functions/create_uploaded_file.php on line 8
[04-Jun-2020 08:56:56 UTC] PHP Parse error:  syntax error, unexpected ':', expecting '{' in /home/bzyll9dyfa3c/public_html/alfahd.afaqtechweb.com/vendor/zendframework/zend-diactoros/src/functions/create_uploaded_file.php on line 19
[04-Jun-2020 10:25:10 UTC] PHP Warning:  Unsupported declare 'strict_types' in /home/bzyll9dyfa3c/public_html/alfahd.afaqtechweb.com/vendor/zendframework/zend-diactoros/src/functions/create_uploaded_file.php on line 8
[04-Jun-2020 10:25:10 UTC] PHP Parse error:  syntax error, unexpected ':', expecting '{' in /home/bzyll9dyfa3c/public_html/alfahd.afaqtechweb.com/vendor/zendframework/zend-diactoros/src/functions/create_uploaded_file.php on line 19
[04-Jun-2020 10:40:16 UTC] PHP Warning:  Unsupported declare 'strict_types' in /home/bzyll9dyfa3c/public_html/alfahd.afaqtechweb.com/vendor/zendframework/zend-diactoros/src/functions/create_uploaded_file.php on line 8
[04-Jun-2020 10:40:16 UTC] PHP Parse error:  syntax error, unexpected ':', expecting '{' in /home/bzyll9dyfa3c/public_html/alfahd.afaqtechweb.com/vendor/zendframework/zend-diactoros/src/functions/create_uploaded_file.php on line 19
[04-Jun-2020 10:43:05 UTC] PHP Warning:  Unsupported declare 'strict_types' in /home/bzyll9dyfa3c/public_html/alfahd.afaqtechweb.com/vendor/zendframework/zend-diactoros/src/functions/create_uploaded_file.php on line 8
[04-Jun-2020 10:43:06 UTC] PHP Parse error:  syntax error, unexpected ':', expecting '{' in /home/bzyll9dyfa3c/public_html/alfahd.afaqtechweb.com/vendor/zendframework/zend-diactoros/src/functions/create_uploaded_file.php on line 19
[04-Jun-2020 11:00:39 UTC] PHP Warning:  Unsupported declare 'strict_types' in /home/bzyll9dyfa3c/public_html/alfahd.afaqtechweb.com/vendor/zendframework/zend-diactoros/src/functions/create_uploaded_file.php on line 8
[04-Jun-2020 11:00:39 UTC] PHP Parse error:  syntax error, unexpected ':', expecting '{' in /home/bzyll9dyfa3c/public_html/alfahd.afaqtechweb.com/vendor/zendframework/zend-diactoros/src/functions/create_uploaded_file.php on line 19
[04-Jun-2020 11:00:45 UTC] PHP Warning:  Unsupported declare 'strict_types' in /home/bzyll9dyfa3c/public_html/alfahd.afaqtechweb.com/vendor/zendframework/zend-diactoros/src/functions/create_uploaded_file.php on line 8
[04-Jun-2020 11:00:45 UTC] PHP Parse error:  syntax error, unexpected ':', expecting '{' in /home/bzyll9dyfa3c/public_html/alfahd.afaqtechweb.com/vendor/zendframework/zend-diactoros/src/functions/create_uploaded_file.php on line 19
[04-Jun-2020 13:39:02 UTC] PHP Warning:  Unsupported declare 'strict_types' in /home/bzyll9dyfa3c/public_html/alfahd.afaqtechweb.com/vendor/zendframework/zend-diactoros/src/functions/create_uploaded_file.php on line 8
[04-Jun-2020 13:39:02 UTC] PHP Parse error:  syntax error, unexpected ':', expecting '{' in /home/bzyll9dyfa3c/public_html/alfahd.afaqtechweb.com/vendor/zendframework/zend-diactoros/src/functions/create_uploaded_file.php on line 19
[04-Jun-2020 16:34:31 UTC] PHP Notice:  Trying to access array offset on value of type null in /home/bzyll9dyfa3c/public_html/alfahd.afaqtechweb.com/vendor/laravel/framework/src/Illuminate/Support/Facades/Facade.php on line 175
[04-Jun-2020 16:34:31 UTC] PHP Fatal error:  Uncaught ReflectionException: Class config does not exist in /home/bzyll9dyfa3c/public_html/alfahd.afaqtechweb.com/vendor/laravel/framework/src/Illuminate/Container/Container.php:779
Stack trace:
#0 /home/bzyll9dyfa3c/public_html/alfahd.afaqtechweb.com/vendor/laravel/framework/src/Illuminate/Container/Container.php(779): ReflectionClass->__construct('config')
#1 /home/bzyll9dyfa3c/public_html/alfahd.afaqtechweb.com/vendor/laravel/framework/src/Illuminate/Container/Container.php(658): Illuminate\Container\Container->build('config')
#2 /home/bzyll9dyfa3c/public_html/alfahd.afaqtechweb.com/vendor/laravel/framework/src/Illuminate/Container/Container.php(609): Illuminate\Container\Container->resolve('config', Array)
#3 /home/bzyll9dyfa3c/public_html/alfahd.afaqtechweb.com/vendor/laravel/framework/src/Illuminate/Foundation/Application.php(759): Illuminate\Container\Container->make('config', Array)
#4 /home/bzyll9dyfa3c/public_html/alfahd.afaqtechweb.com/vendor/laravel/framework/src/Illuminate/Container/Container.ph in /home/bzyll9dyfa3c/public_html/alfahd.afaqtechweb.com/vendor/laravel/framework/src/Illuminate/Container/Container.php on line 779
[04-Jun-2020 16:34:35 UTC] PHP Notice:  Trying to access array offset on value of type null in /home/bzyll9dyfa3c/public_html/alfahd.afaqtechweb.com/vendor/laravel/framework/src/Illuminate/Support/Facades/Facade.php on line 175
[04-Jun-2020 16:34:35 UTC] PHP Fatal error:  Uncaught ReflectionException: Class config does not exist in /home/bzyll9dyfa3c/public_html/alfahd.afaqtechweb.com/vendor/laravel/framework/src/Illuminate/Container/Container.php:779
Stack trace:
#0 /home/bzyll9dyfa3c/public_html/alfahd.afaqtechweb.com/vendor/laravel/framework/src/Illuminate/Container/Container.php(779): ReflectionClass->__construct('config')
#1 /home/bzyll9dyfa3c/public_html/alfahd.afaqtechweb.com/vendor/laravel/framework/src/Illuminate/Container/Container.php(658): Illuminate\Container\Container->build('config')
#2 /home/bzyll9dyfa3c/public_html/alfahd.afaqtechweb.com/vendor/laravel/framework/src/Illuminate/Container/Container.php(609): Illuminate\Container\Container->resolve('config', Array)
#3 /home/bzyll9dyfa3c/public_html/alfahd.afaqtechweb.com/vendor/laravel/framework/src/Illuminate/Foundation/Application.php(759): Illuminate\Container\Container->make('config', Array)
#4 /home/bzyll9dyfa3c/public_html/alfahd.afaqtechweb.com/vendor/laravel/framework/src/Illuminate/Container/Container.ph in /home/bzyll9dyfa3c/public_html/alfahd.afaqtechweb.com/vendor/laravel/framework/src/Illuminate/Container/Container.php on line 779
[07-Jun-2020 02:09:22 UTC] PHP Fatal error:  Allowed memory size of 134217728 bytes exhausted (tried to allocate 98582528 bytes) in /home/bzyll9dyfa3c/public_html/alfahd.afaqtechweb.com/storage/framework/views/e5c6135a5bc569ef222dc0bca9130135b486234c.php on line 3
[07-Jun-2020 02:09:29 UTC] PHP Fatal error:  Allowed memory size of 134217728 bytes exhausted (tried to allocate 98582528 bytes) in /home/bzyll9dyfa3c/public_html/alfahd.afaqtechweb.com/storage/framework/views/e5c6135a5bc569ef222dc0bca9130135b486234c.php on line 3
[07-Jun-2020 02:10:39 UTC] PHP Fatal error:  Allowed memory size of 134217728 bytes exhausted (tried to allocate 98582528 bytes) in /home/bzyll9dyfa3c/public_html/alfahd.afaqtechweb.com/storage/framework/views/e5c6135a5bc569ef222dc0bca9130135b486234c.php on line 2
[25-Jul-2020 15:51:09 UTC] PHP Fatal error:  Cannot use isset() on the result of an expression (you can use "null !== expression" instead) in /home/bzyll9dyfa3c/public_html/alfahd.afaqtechweb.com/app/Http/Middleware/CheckUserToken.php on line 22
